<?xml version="1.0" encoding="UTF-8"?>
<testng-results ignored="0" total="3" passed="3" failed="0" skipped="0">
  <reporter-output>
  </reporter-output>
  <suite started-at="2024-09-30T10:04:10 IST" name="Suite" finished-at="2024-09-30T10:04:24 IST" duration-ms="14657">
    <groups>
    </groups>
    <test started-at="2024-09-30T10:04:10 IST" name="TestChrome" finished-at="2024-09-30T10:04:20 IST" duration-ms="10362">
      <class name="testCases.TC001_AccountRegister">
        <test-method is-config="true" signature="setup(java.lang.String, java.lang.String)[pri:0, instance:testCases.TC001_AccountRegister@44040454]" started-at="2024-09-30T10:04:10 IST" name="setup" finished-at="2024-09-30T10:04:15 IST" duration-ms="5552" status="PASS">
          <params>
            <param index="0">
              <value>
                <![CDATA[windows]]>
              </value>
            </param>
            <param index="1">
              <value>
                <![CDATA[chrome]]>
              </value>
            </param>
          </params>
          <reporter-output>
          </reporter-output>
        </test-method> <!-- setup -->
        <test-method signature="verify_Account_Register()[pri:0, instance:testCases.TC001_AccountRegister@44040454]" started-at="2024-09-30T10:04:15 IST" name="verify_Account_Register" finished-at="2024-09-30T10:04:19 IST" duration-ms="3514" status="PASS">
          <reporter-output>
          </reporter-output>
        </test-method> <!-- verify_Account_Register -->
        <test-method is-config="true" signature="teardown()[pri:0, instance:testCases.TC001_AccountRegister@44040454]" started-at="2024-09-30T10:04:19 IST" name="teardown" finished-at="2024-09-30T10:04:20 IST" duration-ms="1254" status="PASS">
          <reporter-output>
          </reporter-output>
        </test-method> <!-- teardown -->
      </class> <!-- testCases.TC001_AccountRegister -->
    </test> <!-- TestChrome -->
    <test started-at="2024-09-30T10:04:10 IST" name="Testedge" finished-at="2024-09-30T10:04:21 IST" duration-ms="10884">
      <class name="testCases.TC001_AccountRegister">
        <test-method is-config="true" signature="setup(java.lang.String, java.lang.String)[pri:0, instance:testCases.TC001_AccountRegister@4fd4cae3]" started-at="2024-09-30T10:04:10 IST" name="setup" finished-at="2024-09-30T10:04:15 IST" duration-ms="5457" status="PASS">
          <params>
            <param index="0">
              <value>
                <![CDATA[windows]]>
              </value>
            </param>
            <param index="1">
              <value>
                <![CDATA[edge]]>
              </value>
            </param>
          </params>
          <reporter-output>
          </reporter-output>
        </test-method> <!-- setup -->
        <test-method signature="verify_Account_Register()[pri:0, instance:testCases.TC001_AccountRegister@4fd4cae3]" started-at="2024-09-30T10:04:15 IST" name="verify_Account_Register" finished-at="2024-09-30T10:04:19 IST" duration-ms="3787" status="PASS">
          <reporter-output>
          </reporter-output>
        </test-method> <!-- verify_Account_Register -->
        <test-method is-config="true" signature="teardown()[pri:0, instance:testCases.TC001_AccountRegister@4fd4cae3]" started-at="2024-09-30T10:04:19 IST" name="teardown" finished-at="2024-09-30T10:04:21 IST" duration-ms="1597" status="PASS">
          <reporter-output>
          </reporter-output>
        </test-method> <!-- teardown -->
      </class> <!-- testCases.TC001_AccountRegister -->
    </test> <!-- Testedge -->
    <test started-at="2024-09-30T10:04:10 IST" name="Testfirefox" finished-at="2024-09-30T10:04:24 IST" duration-ms="14657">
      <class name="testCases.TC001_AccountRegister">
        <test-method is-config="true" signature="setup(java.lang.String, java.lang.String)[pri:0, instance:testCases.TC001_AccountRegister@791cbf87]" started-at="2024-09-30T10:04:10 IST" name="setup" finished-at="2024-09-30T10:04:21 IST" duration-ms="11086" status="PASS">
          <params>
            <param index="0">
              <value>
                <![CDATA[windows]]>
              </value>
            </param>
            <param index="1">
              <value>
                <![CDATA[firefox]]>
              </value>
            </param>
          </params>
          <reporter-output>
          </reporter-output>
        </test-method> <!-- setup -->
        <test-method signature="verify_Account_Register()[pri:0, instance:testCases.TC001_AccountRegister@791cbf87]" started-at="2024-09-30T10:04:21 IST" name="verify_Account_Register" finished-at="2024-09-30T10:04:23 IST" duration-ms="2211" status="PASS">
          <reporter-output>
          </reporter-output>
        </test-method> <!-- verify_Account_Register -->
        <test-method is-config="true" signature="teardown()[pri:0, instance:testCases.TC001_AccountRegister@791cbf87]" started-at="2024-09-30T10:04:23 IST" name="teardown" finished-at="2024-09-30T10:04:24 IST" duration-ms="1328" status="PASS">
          <reporter-output>
          </reporter-output>
        </test-method> <!-- teardown -->
      </class> <!-- testCases.TC001_AccountRegister -->
    </test> <!-- Testfirefox -->
  </suite> <!-- Suite -->
</testng-results>
